<?xml version="1.0" encoding="UTF-8"?>
<!-- Generated by org.testng.reporters.JUnitXMLReporter -->
<testsuite ignored="0" hostname="DESKTOP-84DBICK" failures="1" tests="2" name="Error validation test" time="38.727" errors="0" timestamp="2024-02-12T12:52:07 IST">
  <testcase classname="Framework.Tests.ErrorValidation" name="loginErrorValidation" time="0.855">
    <skipped/>
  </testcase> <!-- loginErrorValidation -->
  <testcase classname="Framework.Tests.ErrorValidation" name="loginErrorValidation" time="0.644">
    <failure type="java.lang.AssertionError" message="expected [Incorrect email or password.] but found [Incorrect email or passwrd.]">
      <![CDATA[java.lang.AssertionError: expected [Incorrect email or password.] but found [Incorrect email or passwrd.]
at Framework.Tests.ErrorValidation.loginErrorValidation(ErrorValidation.java:18)
at java.base/java.util.ArrayList.forEach(ArrayList.java:1511)
... Removed 33 stack frames]]>
    </failure>
  </testcase> <!-- loginErrorValidation -->
</testsuite> <!-- Error validation test -->
